[organic-part-035675.framer.app/index.html]
[backblue.gif]
[fade.gif]
[index.html]
[framerusercontent.com/images/ihAjuSWn1nGiHpbB5u24NHY4U.png]
[framerusercontent.com/images/Ie9BjQUBbk3OEPQMK4ibDCr00928.png]
[framerusercontent.com/images/oAHwLJ5HdgF8sAKhw5CQzdBDc301c.png]
[framerusercontent.com/images/zlE3PbT2ybAWsNxFj0RWnvFQc6291.png]
[framerusercontent.com/images/PsagWXljcPbM02VczhSo7ryAhPgd469.png]
[framerusercontent.com/images/h4VQYEh1bHBe4T2p5QpFs6GOKQsa6e8.png]
[framerusercontent.com/images/bRX2FGduFWjkxQtgIvhvAeDFkYf979.png]
[framerusercontent.com/images/frRG2JCIW5vOVWbwLVxcX1zQBkM95a5.png]
[framerusercontent.com/images/qXm3LB5x2ziRLvwIdBP1vztW8gofe54.png]
[framerusercontent.com/images/sD0nz1If32pSqAA430GioaTndzca94f.png]
[framerusercontent.com/images/bHgsc3W6n0G7rKXDc3Z3RfUduME12b7.jpg]
[framerusercontent.com/images/8J20ZMyMuQRg0ZCC5u2H7PEX6456d2.jpg]
[framerusercontent.com/images/gtxQeIDrHi7ngGihpYMqbTBfvM90ee.png]
[framerusercontent.com/images/DxZcVuSqP6CUtNP0xHCsgSd8SQabe6.jpg]
[framerusercontent.com/images/K6cUNifhQFa6qEX3kqNwfqMkiYfe4e.jpg]
[framerusercontent.com/images/LMLNF0vU5ySMfVRIW3JtFu5iB78287e.jpg]
[framerusercontent.com/images/XC5bZO6Fn8qouoTN1ZUIjZ5js01949.jpg]
[framerusercontent.com/images/4bOcANXkLvuv2IZNjOZruPTFVTA8296.jpg]
[framerusercontent.com/images/VKW7AWRna4bKkm72oWIthi8UmI08296.jpg]
[framerusercontent.com/images/l5cQ3seDHj4eyWasqXqJqkaUukA8296.jpg]
[framerusercontent.com/images/o5Afy3fkKnGfC4mJ0Y8DK0XqJDY86b0.jpg]
[framerusercontent.com/images/Av7gEcY6oBb02tvxdIZGRX4hgU824d.jpg]
[framerusercontent.com/images/X0kVPWzdcbeQ37LDAW1wVZOB1T88296.jpg]
[framerusercontent.com/images/WajG1OJR73N38PSDXgi6tzWf70a9ca.jpg]
[framerusercontent.com/images/7wnhchjVoENrlTmSiW8GkUbRJw12b7.jpg]
[framerusercontent.com/images/5FIjzNXKbkJLxtiYwkplE7Upqo12b7.jpg]
[framerusercontent.com/images/lgHPrxX4T65gRNf7wbcrNRQB2g12b7.jpg]
[framerusercontent.com/images/G0KsaJKYsKVKwi9vn98kRyGGY12b7.jpg]
[framerusercontent.com/images/gLPE7j057euwLrIqQTSKuAYdDs52c8.jpg]
[framerusercontent.com/images/DIpOPadilPDizfj4ISErwyrHY12b7.jpg]
[framerusercontent.com/images/FVgOW6Rn8oyqAtu52IfKQHmCIM12b7.jpg]
[framerusercontent.com/images/7I2Wip0b1YYxoaQ0V0WoCWEtg12b7.jpg]
[framerusercontent.com/images/pFLvsxZ4Zhg1CJ21C0XFHBZMc12b7.jpg]
[framerusercontent.com/images/X921YK5PdRp5OSLJLrUHf5nYU12b7.jpg]
[framerusercontent.com/images/7N7DLkrR97gBDWb7XbGjvszjXY12b7.jpg]
[framerusercontent.com/images/KMgSN6r5ySpYq1qW8BsQD2PWB85112.jpg]
[framerusercontent.com/images/jzqYLSCIHZ0lb2g5bCom34lsuEU12b7.jpg]
[framerusercontent.com/images/rxQ0wkYYCr6ci0aH5uJ8LP4Bg6ef8.jpg]
[framerusercontent.com/images/pbsSWGWm7W420KP5fhYkHSIKA12b7.jpg]
[framerusercontent.com/images/yMtBNAuLz8dost2Tv9SbMIMiM12b7.jpg]
[framerusercontent.com/images/9IIPJdzu5dsbjENjYaR6OFd61HI90ee.png]
[framerusercontent.com/images/lAwRJ56eI9F6zzYVpzOeV644Uw90ee.png]
[framerusercontent.com/images/hfm07dgzBw7mHoVAe1BpUMup84890ee.png]
[organic-part-035675.framer.app/index.html]
